<?xml version="1.0" encoding="UTF-8"?>
<!-- Generated by org.testng.reporters.JUnitReportReporter -->
<testsuite skipped="0" hostname="Vaibhavs-MacBook-Pro.local" name="makemytripTestcases.MakeMyTripTestCases" tests="1" failures="0" timestamp="24 Apr 2019 06:47:03 GMT" time="36.751" errors="0">
  <testcase name="test1" time="36.751" classname="makemytripTestcases.MakeMyTripTestCases"/>
</testsuite> <!-- makemytripTestcases.MakeMyTripTestCases -->
